0 info it worked if it ends with ok
1 verbose cli [ '/Users/AstereotypicalNerd/.nvm/v6.10.3/bin/node',
1 verbose cli   '/Users/AstereotypicalNerd/.nvm/v6.10.3/bin/npm',
1 verbose cli   'start' ]
2 info using npm@3.10.10
3 info using node@v6.10.3
4 verbose run-script [ 'prestart', 'start', 'poststart' ]
5 info lifecycle finki-ilt@1.0.0~prestart: finki-ilt@1.0.0
6 silly lifecycle finki-ilt@1.0.0~prestart: no script for prestart, continuing
7 info lifecycle finki-ilt@1.0.0~start: finki-ilt@1.0.0
8 verbose lifecycle finki-ilt@1.0.0~start: unsafe-perm in lifecycle true
9 verbose lifecycle finki-ilt@1.0.0~start: PATH: /Users/AstereotypicalNerd/.nvm/v6.10.3/lib/node_modules/npm/bin/node-gyp-bin:/Users/AstereotypicalNerd/Developer/FINKI ILT/node_modules/.bin:/Users/AstereotypicalNerd/.nvm/v6.10.3/bin:/Applications/Cocos/tools/ant/bin:/Applications/Cocos/frameworks:/Users/AstereotypicalNerd/Library/Cocos/CocosStore/cocos2d-x-3.7/templates:/Applications/Cocos/frameworks/cocos2d-x-3.8/tools/cocos2d-console/bin:/usr/local/bin:/usr/bin:/bin:/usr/sbin:/sbin:/Library/TeX/texbin:/usr/local/go/bin:/opt/X11/bin:/Applications/Cocos/tools/ant/bin:/Applications/Cocos/frameworks:/Users/AstereotypicalNerd/Library/Cocos/CocosStore/cocos2d-x-3.7/templates:/Applications/Cocos/frameworks/cocos2d-x-3.8/tools/cocos2d-console/bin
10 verbose lifecycle finki-ilt@1.0.0~start: CWD: /Users/AstereotypicalNerd/Developer/FINKI ILT
11 silly lifecycle finki-ilt@1.0.0~start: Args: [ '-c', 'node app.js' ]
12 silly lifecycle finki-ilt@1.0.0~start: Returned: code: 1  signal: null
13 info lifecycle finki-ilt@1.0.0~start: Failed to exec start script
14 verbose stack Error: finki-ilt@1.0.0 start: `node app.js`
14 verbose stack Exit status 1
14 verbose stack     at EventEmitter.<anonymous> (/Users/AstereotypicalNerd/.nvm/v6.10.3/lib/node_modules/npm/lib/utils/lifecycle.js:255:16)
14 verbose stack     at emitTwo (events.js:106:13)
14 verbose stack     at EventEmitter.emit (events.js:191:7)
14 verbose stack     at ChildProcess.<anonymous> (/Users/AstereotypicalNerd/.nvm/v6.10.3/lib/node_modules/npm/lib/utils/spawn.js:40:14)
14 verbose stack     at emitTwo (events.js:106:13)
14 verbose stack     at ChildProcess.emit (events.js:191:7)
14 verbose stack     at maybeClose (internal/child_process.js:886:16)
14 verbose stack     at Process.ChildProcess._handle.onexit (internal/child_process.js:226:5)
15 verbose pkgid finki-ilt@1.0.0
16 verbose cwd /Users/AstereotypicalNerd/Developer/FINKI ILT
17 error Darwin 17.4.0
18 error argv "/Users/AstereotypicalNerd/.nvm/v6.10.3/bin/node" "/Users/AstereotypicalNerd/.nvm/v6.10.3/bin/npm" "start"
19 error node v6.10.3
20 error npm  v3.10.10
21 error code ELIFECYCLE
22 error finki-ilt@1.0.0 start: `node app.js`
22 error Exit status 1
23 error Failed at the finki-ilt@1.0.0 start script 'node app.js'.
23 error Make sure you have the latest version of node.js and npm installed.
23 error If you do, this is most likely a problem with the finki-ilt package,
23 error not with npm itself.
23 error Tell the author that this fails on your system:
23 error     node app.js
23 error You can get information on how to open an issue for this project with:
23 error     npm bugs finki-ilt
23 error Or if that isn't available, you can get their info via:
23 error     npm owner ls finki-ilt
23 error There is likely additional logging output above.
24 verbose exit [ 1, true ]
